<?xml version="1.0" encoding="UTF-8"?>
<testsuite name="brubank.GitHubCacheSpec" tests="3" skipped="0" failures="0" errors="0" timestamp="2018-08-19T03:40:05" hostname="ARAR017385" time="0.276">
  <properties/>
  <testcase name="returns user if it's not older than 4 days" classname="brubank.GitHubCacheSpec" time="0.262"/>
  <testcase name="returns null if user it's older than 4 days" classname="brubank.GitHubCacheSpec" time="0.01"/>
  <testcase name="returns null if user it's not in the cache" classname="brubank.GitHubCacheSpec" time="0.004"/>
  <system-out><![CDATA[]]></system-out>
  <system-err><![CDATA[]]></system-err>
</testsuite>
