<?xml version="1.0" encoding="UTF-8"?>
<testsuite name="brubank.UserControllerSpec" tests="3" skipped="0" failures="0" errors="0" timestamp="2018-08-18T19:26:11" hostname="ARAR017385" time="0.279">
  <properties/>
  <testcase name="user repositories" classname="brubank.UserControllerSpec" time="0.224"/>
  <testcase name="user repositories raises BadResponse exception" classname="brubank.UserControllerSpec" time="0.045"/>
  <testcase name="user repositories raises exception" classname="brubank.UserControllerSpec" time="0.01"/>
  <system-out><![CDATA[]]></system-out>
  <system-err><![CDATA[]]></system-err>
</testsuite>
