<?xml version="1.0" encoding="UTF-8"?>
<testsuite name="brubank.GitHubClientSpec" tests="2" skipped="0" failures="0" errors="0" timestamp="2018-08-19T03:40:03" hostname="ARAR017385" time="0.624">
  <properties/>
  <testcase name="get repositories creation dates" classname="brubank.GitHubClientSpec" time="0.605"/>
  <testcase name="get user" classname="brubank.GitHubClientSpec" time="0.018"/>
  <system-out><![CDATA[]]></system-out>
  <system-err><![CDATA[]]></system-err>
</testsuite>
