<?xml version="1.0" encoding="UTF-8"?>
<testsuite name="brubank.WeatherServiceSpec" tests="2" skipped="0" failures="0" errors="0" timestamp="2018-08-19T03:40:06" hostname="ARAR017385" time="0.218">
  <properties/>
  <testcase name="getAverageTemperaturesOfLocationOn using the cache" classname="brubank.WeatherServiceSpec" time="0.206"/>
  <testcase name="getAverageTemperaturesOfLocationOn not using the cache" classname="brubank.WeatherServiceSpec" time="0.012"/>
  <system-out><![CDATA[]]></system-out>
  <system-err><![CDATA[]]></system-err>
</testsuite>
