<?xml version="1.0" encoding="UTF-8"?>
<testsuite name="brubank.UsersCacheSpec" tests="3" skipped="0" failures="0" errors="0" timestamp="2018-08-18T19:26:12" hostname="ARAR017385" time="0.349">
  <properties/>
  <testcase name="returns user if it's not older than 4 days" classname="brubank.UsersCacheSpec" time="0.335"/>
  <testcase name="returns null if user it's older than 4 days" classname="brubank.UsersCacheSpec" time="0.012"/>
  <testcase name="returns null if user it's not in the cache" classname="brubank.UsersCacheSpec" time="0.002"/>
  <system-out><![CDATA[]]></system-out>
  <system-err><![CDATA[]]></system-err>
</testsuite>
