<?xml version="1.0" encoding="UTF-8"?>
<testsuite name="brubank.DateUtilsSpec" tests="3" skipped="0" failures="0" errors="0" timestamp="2018-08-19T03:40:07" hostname="ARAR017385" time="0.004">
  <properties/>
  <testcase name="new date is not more than a day old" classname="brubank.DateUtilsSpec" time="0.002"/>
  <testcase name="given date is older than given days old" classname="brubank.DateUtilsSpec" time="0.001"/>
  <testcase name="parse dates parses a date correctly" classname="brubank.DateUtilsSpec" time="0.001"/>
  <system-out><![CDATA[]]></system-out>
  <system-err><![CDATA[]]></system-err>
</testsuite>
