<?xml version="1.0" encoding="UTF-8"?>
<testsuite name="brubank.CacheInterceptorSpec" tests="2" skipped="0" failures="0" errors="0" timestamp="2018-08-19T03:40:07" hostname="ARAR017385" time="0.084">
  <properties/>
  <testcase name="sets the cache" classname="brubank.CacheInterceptorSpec" time="0.078"/>
  <testcase name="handles invalid cache names" classname="brubank.CacheInterceptorSpec" time="0.006"/>
  <system-out><![CDATA[]]></system-out>
  <system-err><![CDATA[]]></system-err>
</testsuite>
