<?xml version="1.0" encoding="UTF-8"?>
<testsuite name="brubank.AverageTemperatureSpec" tests="2" skipped="0" failures="0" errors="0" timestamp="2018-08-19T03:40:04" hostname="ARAR017385" time="0.155">
  <properties/>
  <testcase name="creation" classname="brubank.AverageTemperatureSpec" time="0.144"/>
  <testcase name="creation: location, date and average temp cant be null" classname="brubank.AverageTemperatureSpec" time="0.011"/>
  <system-out><![CDATA[]]></system-out>
  <system-err><![CDATA[]]></system-err>
</testsuite>
