<?xml version="1.0" encoding="UTF-8"?>
<testsuite name="brubank.WorldWeatherClientSpec" tests="3" skipped="0" failures="0" errors="0" timestamp="2018-08-19T03:40:04" hostname="ARAR017385" time="0.06">
  <properties/>
  <testcase name="get hourly temperature samples" classname="brubank.WorldWeatherClientSpec" time="0.03"/>
  <testcase name="get hourly temperature samples unexpexted response" classname="brubank.WorldWeatherClientSpec" time="0.016"/>
  <testcase name="get hourly temperature samples location not found" classname="brubank.WorldWeatherClientSpec" time="0.014"/>
  <system-out><![CDATA[]]></system-out>
  <system-err><![CDATA[]]></system-err>
</testsuite>
