<?xml version="1.0" encoding="UTF-8"?>
<testsuite name="brubank.UserServiceSpec" tests="2" skipped="0" failures="0" errors="0" timestamp="2018-08-18T19:26:12" hostname="ARAR017385" time="0.317">
  <properties/>
  <testcase name="looks first in cache" classname="brubank.UserServiceSpec" time="0.31"/>
  <testcase name="if data is not in cache it uses the client" classname="brubank.UserServiceSpec" time="0.007"/>
  <system-out><![CDATA[]]></system-out>
  <system-err><![CDATA[]]></system-err>
</testsuite>
